

Started GET "/" for 127.0.0.1 at 2014-02-17 16:48:23 -0800
Processing by WelcomeController#index as HTML
  Rendered welcome/index.html.erb within layouts/application (1.5ms)
Completed 200 OK in 1469ms (Views: 1430.1ms | ActiveRecord: 0.0ms)


Started GET "/assets/application.css?body=1" for 127.0.0.1 at 2014-02-17 16:48:25 -0800


Started GET "/assets/welcome.js?body=1" for 127.0.0.1 at 2014-02-17 16:48:25 -0800


Started GET "/assets/application.js?body=1" for 127.0.0.1 at 2014-02-17 16:48:25 -0800


Started GET "/assets/jquery_ujs.js?body=1" for 127.0.0.1 at 2014-02-17 16:48:25 -0800


Started GET "/assets/jquery.js?body=1" for 127.0.0.1 at 2014-02-17 16:48:25 -0800


Started GET "/assets/welcome.css?body=1" for 127.0.0.1 at 2014-02-17 16:48:25 -0800


Started GET "/assets/turbolinks.js?body=1" for 127.0.0.1 at 2014-02-17 16:48:25 -0800
  [1m[36mChampion Load (0.3ms)[0m  [1mSELECT "champions".* FROM "champions"[0m
SQLite3::SQLException: no such table: champions: SELECT "champions".* FROM "champions"
  [1m[36m (25.8ms)[0m  [1mCREATE TABLE "schema_migrations" ("version" varchar(255) NOT NULL) [0m
  [1m[35m (8.2ms)[0m  CREATE UNIQUE INDEX "unique_schema_migrations" ON "schema_migrations" ("version")
  [1m[36mActiveRecord::SchemaMigration Load (0.1ms)[0m  [1mSELECT "schema_migrations".* FROM "schema_migrations"[0m
Migrating to CreateChampions (20140304084233)
  [1m[35m (0.1ms)[0m  begin transaction
  [1m[36m (0.3ms)[0m  [1mCREATE TABLE "champions" ("id" INTEGER PRIMARY KEY AUTOINCREMENT NOT NULL, "created_at" datetime, "updated_at" datetime) [0m
  [1m[35mSQL (4.1ms)[0m  INSERT INTO "schema_migrations" ("version") VALUES (?)  [["version", "20140304084233"]]
  [1m[36m (10.7ms)[0m  [1mcommit transaction[0m
  [1m[35mActiveRecord::SchemaMigration Load (0.1ms)[0m  SELECT "schema_migrations".* FROM "schema_migrations"
  [1m[36mChampion Load (20.4ms)[0m  [1mSELECT "champions".* FROM "champions"[0m
  [1m[36mActiveRecord::SchemaMigration Load (0.1ms)[0m  [1mSELECT "schema_migrations".* FROM "schema_migrations"[0m
  [1m[35mActiveRecord::SchemaMigration Load (0.0ms)[0m  SELECT "schema_migrations".* FROM "schema_migrations"
Migrating to CreateChampions (20140304084233)
  [1m[36m (0.1ms)[0m  [1mbegin transaction[0m
  [1m[35m (3.1ms)[0m  DROP TABLE "champions"
  [1m[36mSQL (0.2ms)[0m  [1mDELETE FROM "schema_migrations" WHERE "schema_migrations"."version" = '20140304084233'[0m
  [1m[35m (24.8ms)[0m  commit transaction
  [1m[36mActiveRecord::SchemaMigration Load (0.1ms)[0m  [1mSELECT "schema_migrations".* FROM "schema_migrations"[0m
  [1m[36mActiveRecord::SchemaMigration Load (0.1ms)[0m  [1mSELECT "schema_migrations".* FROM "schema_migrations"[0m
Migrating to CreateChampions (20140304114947)
  [1m[35m (0.1ms)[0m  begin transaction
  [1m[36m (1.3ms)[0m  [1mCREATE TABLE "champions" ("id" INTEGER PRIMARY KEY AUTOINCREMENT NOT NULL, "name" varchar(255), "info" text, "created_at" datetime, "updated_at" datetime) [0m
  [1m[35mSQL (0.2ms)[0m  INSERT INTO "schema_migrations" ("version") VALUES (?)  [["version", "20140304114947"]]
  [1m[36m (11.6ms)[0m  [1mcommit transaction[0m
  [1m[35mActiveRecord::SchemaMigration Load (0.1ms)[0m  SELECT "schema_migrations".* FROM "schema_migrations"
  [1m[36m (0.0ms)[0m  [1mbegin transaction[0m
  [1m[35mSQL (13.4ms)[0m  INSERT INTO "champions" ("created_at", "info", "name", "updated_at") VALUES (?, ?, ?, ?)  [["created_at", Tue, 04 Mar 2014 11:50:53 UTC +00:00], ["info", "Best Yordle"], ["name", "Teemo"], ["updated_at", Tue, 04 Mar 2014 11:50:53 UTC +00:00]]
  [1m[36m (58.8ms)[0m  [1mcommit transaction[0m
  [1m[35mChampion Load (0.1ms)[0m  SELECT "champions".* FROM "champions"
  [1m[36mChampion Load (1.2ms)[0m  [1mSELECT "champions".* FROM "champions"[0m
