# Logfile created on 2014-02-09 18:33:04 -0800 by logger.rb/44203
I, [2014-02-09T18:33:04.979337 #14462]  INFO -- : 0:  rake (10.1.1) from /home/thampton/.rvm/gems/ruby-2.1.0/specifications/rake-10.1.1.gemspec
I, [2014-02-09T18:33:04.979627 #14462]  INFO -- : 0:  i18n (0.6.9) from /home/thampton/.rvm/gems/ruby-2.1.0/specifications/i18n-0.6.9.gemspec
I, [2014-02-09T18:33:04.979865 #14462]  INFO -- : 0:  minitest (4.7.5) from /home/thampton/.rvm/rubies/ruby-2.1.0/lib/ruby/gems/2.1.0/specifications/default/minitest-4.7.5.gemspec
I, [2014-02-09T18:33:04.980085 #14462]  INFO -- : 0:  multi_json (1.8.4) from /home/thampton/.rvm/gems/ruby-2.1.0/specifications/multi_json-1.8.4.gemspec
I, [2014-02-09T18:33:04.980285 #14462]  INFO -- : 0:  atomic (1.1.14) from /home/thampton/.rvm/gems/ruby-2.1.0/specifications/atomic-1.1.14.gemspec
I, [2014-02-09T18:33:04.980505 #14462]  INFO -- : 0:  thread_safe (0.1.3) from /home/thampton/.rvm/gems/ruby-2.1.0/specifications/thread_safe-0.1.3.gemspec
I, [2014-02-09T18:33:06.391477 #14462]  INFO -- : 0:  tzinfo (0.3.38) from /home/thampton/.rvm/gems/ruby-2.1.0/specifications/tzinfo-0.3.38.gemspec
I, [2014-02-09T18:33:08.261998 #14462]  INFO -- : 0:  activesupport (4.0.2) from /home/thampton/.rvm/gems/ruby-2.1.0/specifications/activesupport-4.0.2.gemspec
I, [2014-02-09T18:33:08.262239 #14462]  INFO -- : 0:  bundler (1.5.1) from /home/thampton/.rvm/gems/ruby-2.1.0@global/specifications/bundler-1.5.1.gemspec
I, [2014-02-09T18:33:08.262441 #14462]  INFO -- : 0:  rack (1.5.2) from /home/thampton/.rvm/gems/ruby-2.1.0/specifications/rack-1.5.2.gemspec
I, [2014-02-09T18:33:08.262601 #14462]  INFO -- : 0:  url_mount (0.2.1) from /home/thampton/.rvm/gems/ruby-2.1.0/specifications/url_mount-0.2.1.gemspec
I, [2014-02-09T18:33:08.262758 #14462]  INFO -- : 0:  http_router (0.11.0) from /home/thampton/.rvm/gems/ruby-2.1.0/specifications/http_router-0.11.0.gemspec
I, [2014-02-09T18:33:08.262915 #14462]  INFO -- : 0:  mime-types (1.25.1) from /home/thampton/.rvm/gems/ruby-2.1.0/specifications/mime-types-1.25.1.gemspec
I, [2014-02-09T18:33:08.263067 #14462]  INFO -- : 0:  polyglot (0.3.3) from /home/thampton/.rvm/gems/ruby-2.1.0/specifications/polyglot-0.3.3.gemspec
I, [2014-02-09T18:33:08.263219 #14462]  INFO -- : 0:  treetop (1.4.15) from /home/thampton/.rvm/gems/ruby-2.1.0/specifications/treetop-1.4.15.gemspec
I, [2014-02-09T18:33:08.263406 #14462]  INFO -- : 0:  mail (2.5.4) from /home/thampton/.rvm/gems/ruby-2.1.0/specifications/mail-2.5.4.gemspec
I, [2014-02-09T18:33:09.620771 #14462]  INFO -- : 0:  moneta (0.7.20) from /home/thampton/.rvm/gems/ruby-2.1.0/specifications/moneta-0.7.20.gemspec
I, [2014-02-09T18:33:09.621069 #14462]  INFO -- : 0:  rack-protection (1.5.2) from /home/thampton/.rvm/gems/ruby-2.1.0/specifications/rack-protection-1.5.2.gemspec
I, [2014-02-09T18:33:09.621249 #14462]  INFO -- : 0:  tilt (1.4.1) from /home/thampton/.rvm/gems/ruby-2.1.0/specifications/tilt-1.4.1.gemspec
I, [2014-02-09T18:33:09.621457 #14462]  INFO -- : 0:  sinatra (1.4.4) from /home/thampton/.rvm/gems/ruby-2.1.0/specifications/sinatra-1.4.4.gemspec
I, [2014-02-09T18:33:09.621620 #14462]  INFO -- : 0:  thor (0.17.0) from /home/thampton/.rvm/gems/ruby-2.1.0/specifications/thor-0.17.0.gemspec
I, [2014-02-09T18:33:10.886260 #14462]  INFO -- : 0:  padrino-core (0.12.0) from /home/thampton/.rvm/gems/ruby-2.1.0/specifications/padrino-core-0.12.0.gemspec
I, [2014-02-09T18:33:11.553335 #14462]  INFO -- : 0:  padrino-helpers (0.12.0) from /home/thampton/.rvm/gems/ruby-2.1.0/specifications/padrino-helpers-0.12.0.gemspec
I, [2014-02-09T18:33:12.597354 #14462]  INFO -- : 0:  padrino-admin (0.12.0) from /home/thampton/.rvm/gems/ruby-2.1.0/specifications/padrino-admin-0.12.0.gemspec
I, [2014-02-09T18:33:13.122242 #14462]  INFO -- : 0:  padrino-cache (0.12.0) from /home/thampton/.rvm/gems/ruby-2.1.0/specifications/padrino-cache-0.12.0.gemspec
I, [2014-02-09T18:33:14.695472 #14462]  INFO -- : 0:  padrino-gen (0.12.0) from /home/thampton/.rvm/gems/ruby-2.1.0/specifications/padrino-gen-0.12.0.gemspec
I, [2014-02-09T18:33:15.439114 #14462]  INFO -- : 0:  padrino-mailer (0.12.0) from /home/thampton/.rvm/gems/ruby-2.1.0/specifications/padrino-mailer-0.12.0.gemspec
I, [2014-02-09T18:33:15.908451 #14462]  INFO -- : 0:  padrino (0.12.0) from /home/thampton/.rvm/gems/ruby-2.1.0/specifications/padrino-0.12.0.gemspec
I, [2014-02-09T18:33:16.737887 #14462]  INFO -- : 0:  temple (0.6.7) from /home/thampton/.rvm/gems/ruby-2.1.0/specifications/temple-0.6.7.gemspec
I, [2014-02-09T18:33:17.308025 #14462]  INFO -- : 0:  slim (2.0.2) from /home/thampton/.rvm/gems/ruby-2.1.0/specifications/slim-2.0.2.gemspec
I, [2014-02-09T19:01:44.409099 #15245]  INFO -- : 0:  rake (10.1.1) from /home/thampton/.rvm/gems/ruby-2.1.0/specifications/rake-10.1.1.gemspec
I, [2014-02-09T19:01:44.409383 #15245]  INFO -- : 0:  i18n (0.6.9) from /home/thampton/.rvm/gems/ruby-2.1.0/specifications/i18n-0.6.9.gemspec
I, [2014-02-09T19:01:44.409601 #15245]  INFO -- : 0:  minitest (4.7.5) from /home/thampton/.rvm/rubies/ruby-2.1.0/lib/ruby/gems/2.1.0/specifications/default/minitest-4.7.5.gemspec
I, [2014-02-09T19:01:44.409799 #15245]  INFO -- : 0:  multi_json (1.8.4) from /home/thampton/.rvm/gems/ruby-2.1.0/specifications/multi_json-1.8.4.gemspec
I, [2014-02-09T19:01:44.410162 #15245]  INFO -- : 0:  atomic (1.1.14) from /home/thampton/.rvm/gems/ruby-2.1.0/specifications/atomic-1.1.14.gemspec
I, [2014-02-09T19:01:44.410377 #15245]  INFO -- : 0:  thread_safe (0.1.3) from /home/thampton/.rvm/gems/ruby-2.1.0/specifications/thread_safe-0.1.3.gemspec
I, [2014-02-09T19:01:44.410584 #15245]  INFO -- : 0:  tzinfo (0.3.38) from /home/thampton/.rvm/gems/ruby-2.1.0/specifications/tzinfo-0.3.38.gemspec
I, [2014-02-09T19:01:44.410809 #15245]  INFO -- : 0:  activesupport (4.0.2) from /home/thampton/.rvm/gems/ruby-2.1.0/specifications/activesupport-4.0.2.gemspec
I, [2014-02-09T19:01:44.411001 #15245]  INFO -- : 0:  bundler (1.5.1) from /home/thampton/.rvm/gems/ruby-2.1.0@global/specifications/bundler-1.5.1.gemspec
I, [2014-02-09T19:01:44.411194 #15245]  INFO -- : 0:  daemons (1.1.9) from /home/thampton/.rvm/gems/ruby-2.1.0/specifications/daemons-1.1.9.gemspec
I, [2014-02-09T19:01:44.411418 #15245]  INFO -- : 0:  eventmachine (1.0.3) from /home/thampton/.rvm/gems/ruby-2.1.0/specifications/eventmachine-1.0.3.gemspec
I, [2014-02-09T19:01:44.411612 #15245]  INFO -- : 0:  rack (1.5.2) from /home/thampton/.rvm/gems/ruby-2.1.0/specifications/rack-1.5.2.gemspec
I, [2014-02-09T19:01:44.411808 #15245]  INFO -- : 0:  url_mount (0.2.1) from /home/thampton/.rvm/gems/ruby-2.1.0/specifications/url_mount-0.2.1.gemspec
I, [2014-02-09T19:01:44.411994 #15245]  INFO -- : 0:  http_router (0.11.0) from /home/thampton/.rvm/gems/ruby-2.1.0/specifications/http_router-0.11.0.gemspec
I, [2014-02-09T19:01:44.412194 #15245]  INFO -- : 0:  mime-types (1.25.1) from /home/thampton/.rvm/gems/ruby-2.1.0/specifications/mime-types-1.25.1.gemspec
I, [2014-02-09T19:01:44.412386 #15245]  INFO -- : 0:  polyglot (0.3.3) from /home/thampton/.rvm/gems/ruby-2.1.0/specifications/polyglot-0.3.3.gemspec
I, [2014-02-09T19:01:44.412578 #15245]  INFO -- : 0:  treetop (1.4.15) from /home/thampton/.rvm/gems/ruby-2.1.0/specifications/treetop-1.4.15.gemspec
I, [2014-02-09T19:01:44.412792 #15245]  INFO -- : 0:  mail (2.5.4) from /home/thampton/.rvm/gems/ruby-2.1.0/specifications/mail-2.5.4.gemspec
I, [2014-02-09T19:01:44.412979 #15245]  INFO -- : 0:  moneta (0.7.20) from /home/thampton/.rvm/gems/ruby-2.1.0/specifications/moneta-0.7.20.gemspec
I, [2014-02-09T19:01:44.413186 #15245]  INFO -- : 0:  rack-protection (1.5.2) from /home/thampton/.rvm/gems/ruby-2.1.0/specifications/rack-protection-1.5.2.gemspec
I, [2014-02-09T19:01:44.413379 #15245]  INFO -- : 0:  tilt (1.4.1) from /home/thampton/.rvm/gems/ruby-2.1.0/specifications/tilt-1.4.1.gemspec
I, [2014-02-09T19:01:44.413639 #15245]  INFO -- : 0:  sinatra (1.4.4) from /home/thampton/.rvm/gems/ruby-2.1.0/specifications/sinatra-1.4.4.gemspec
I, [2014-02-09T19:01:44.413906 #15245]  INFO -- : 0:  thor (0.17.0) from /home/thampton/.rvm/gems/ruby-2.1.0/specifications/thor-0.17.0.gemspec
I, [2014-02-09T19:01:44.414106 #15245]  INFO -- : 0:  padrino-core (0.12.0) from /home/thampton/.rvm/gems/ruby-2.1.0/specifications/padrino-core-0.12.0.gemspec
I, [2014-02-09T19:01:44.414307 #15245]  INFO -- : 0:  padrino-helpers (0.12.0) from /home/thampton/.rvm/gems/ruby-2.1.0/specifications/padrino-helpers-0.12.0.gemspec
I, [2014-02-09T19:01:44.414510 #15245]  INFO -- : 0:  padrino-admin (0.12.0) from /home/thampton/.rvm/gems/ruby-2.1.0/specifications/padrino-admin-0.12.0.gemspec
I, [2014-02-09T19:01:44.414720 #15245]  INFO -- : 0:  padrino-cache (0.12.0) from /home/thampton/.rvm/gems/ruby-2.1.0/specifications/padrino-cache-0.12.0.gemspec
I, [2014-02-09T19:01:44.414963 #15245]  INFO -- : 0:  padrino-gen (0.12.0) from /home/thampton/.rvm/gems/ruby-2.1.0/specifications/padrino-gen-0.12.0.gemspec
I, [2014-02-09T19:01:44.415329 #15245]  INFO -- : 0:  padrino-mailer (0.12.0) from /home/thampton/.rvm/gems/ruby-2.1.0/specifications/padrino-mailer-0.12.0.gemspec
I, [2014-02-09T19:01:44.415655 #15245]  INFO -- : 0:  padrino (0.12.0) from /home/thampton/.rvm/gems/ruby-2.1.0/specifications/padrino-0.12.0.gemspec
I, [2014-02-09T19:01:44.415967 #15245]  INFO -- : 0:  temple (0.6.7) from /home/thampton/.rvm/gems/ruby-2.1.0/specifications/temple-0.6.7.gemspec
I, [2014-02-09T19:01:44.416233 #15245]  INFO -- : 0:  slim (2.0.2) from /home/thampton/.rvm/gems/ruby-2.1.0/specifications/slim-2.0.2.gemspec
I, [2014-02-09T19:01:44.416438 #15245]  INFO -- : 0:  thin (1.6.1) from /home/thampton/.rvm/gems/ruby-2.1.0/specifications/thin-1.6.1.gemspec
I, [2014-02-09T19:01:56.087058 #15250]  INFO -- : 0:  rake (10.1.1) from /home/thampton/.rvm/gems/ruby-2.1.0/specifications/rake-10.1.1.gemspec
I, [2014-02-09T19:01:56.087384 #15250]  INFO -- : 0:  i18n (0.6.9) from /home/thampton/.rvm/gems/ruby-2.1.0/specifications/i18n-0.6.9.gemspec
I, [2014-02-09T19:01:56.087654 #15250]  INFO -- : 0:  minitest (4.7.5) from /home/thampton/.rvm/rubies/ruby-2.1.0/lib/ruby/gems/2.1.0/specifications/default/minitest-4.7.5.gemspec
I, [2014-02-09T19:01:56.087933 #15250]  INFO -- : 0:  multi_json (1.8.4) from /home/thampton/.rvm/gems/ruby-2.1.0/specifications/multi_json-1.8.4.gemspec
I, [2014-02-09T19:01:56.088125 #15250]  INFO -- : 0:  atomic (1.1.14) from /home/thampton/.rvm/gems/ruby-2.1.0/specifications/atomic-1.1.14.gemspec
I, [2014-02-09T19:01:56.088320 #15250]  INFO -- : 0:  thread_safe (0.1.3) from /home/thampton/.rvm/gems/ruby-2.1.0/specifications/thread_safe-0.1.3.gemspec
I, [2014-02-09T19:01:56.088527 #15250]  INFO -- : 0:  tzinfo (0.3.38) from /home/thampton/.rvm/gems/ruby-2.1.0/specifications/tzinfo-0.3.38.gemspec
I, [2014-02-09T19:01:56.088715 #15250]  INFO -- : 0:  activesupport (4.0.2) from /home/thampton/.rvm/gems/ruby-2.1.0/specifications/activesupport-4.0.2.gemspec
I, [2014-02-09T19:01:56.088893 #15250]  INFO -- : 0:  bundler (1.5.1) from /home/thampton/.rvm/gems/ruby-2.1.0@global/specifications/bundler-1.5.1.gemspec
I, [2014-02-09T19:01:56.089076 #15250]  INFO -- : 0:  daemons (1.1.9) from /home/thampton/.rvm/gems/ruby-2.1.0/specifications/daemons-1.1.9.gemspec
I, [2014-02-09T19:01:56.089267 #15250]  INFO -- : 0:  eventmachine (1.0.3) from /home/thampton/.rvm/gems/ruby-2.1.0/specifications/eventmachine-1.0.3.gemspec
I, [2014-02-09T19:01:56.089567 #15250]  INFO -- : 0:  rack (1.5.2) from /home/thampton/.rvm/gems/ruby-2.1.0/specifications/rack-1.5.2.gemspec
I, [2014-02-09T19:01:56.089754 #15250]  INFO -- : 0:  url_mount (0.2.1) from /home/thampton/.rvm/gems/ruby-2.1.0/specifications/url_mount-0.2.1.gemspec
I, [2014-02-09T19:01:56.089934 #15250]  INFO -- : 0:  http_router (0.11.0) from /home/thampton/.rvm/gems/ruby-2.1.0/specifications/http_router-0.11.0.gemspec
I, [2014-02-09T19:01:56.090121 #15250]  INFO -- : 0:  mime-types (1.25.1) from /home/thampton/.rvm/gems/ruby-2.1.0/specifications/mime-types-1.25.1.gemspec
I, [2014-02-09T19:01:56.090396 #15250]  INFO -- : 0:  polyglot (0.3.3) from /home/thampton/.rvm/gems/ruby-2.1.0/specifications/polyglot-0.3.3.gemspec
I, [2014-02-09T19:01:56.090651 #15250]  INFO -- : 0:  treetop (1.4.15) from /home/thampton/.rvm/gems/ruby-2.1.0/specifications/treetop-1.4.15.gemspec
I, [2014-02-09T19:01:56.090855 #15250]  INFO -- : 0:  mail (2.5.4) from /home/thampton/.rvm/gems/ruby-2.1.0/specifications/mail-2.5.4.gemspec
I, [2014-02-09T19:01:56.091043 #15250]  INFO -- : 0:  moneta (0.7.20) from /home/thampton/.rvm/gems/ruby-2.1.0/specifications/moneta-0.7.20.gemspec
I, [2014-02-09T19:01:56.091273 #15250]  INFO -- : 0:  rack-protection (1.5.2) from /home/thampton/.rvm/gems/ruby-2.1.0/specifications/rack-protection-1.5.2.gemspec
I, [2014-02-09T19:01:56.091485 #15250]  INFO -- : 0:  tilt (1.4.1) from /home/thampton/.rvm/gems/ruby-2.1.0/specifications/tilt-1.4.1.gemspec
I, [2014-02-09T19:01:56.091685 #15250]  INFO -- : 0:  sinatra (1.4.4) from /home/thampton/.rvm/gems/ruby-2.1.0/specifications/sinatra-1.4.4.gemspec
I, [2014-02-09T19:01:56.091872 #15250]  INFO -- : 0:  thor (0.17.0) from /home/thampton/.rvm/gems/ruby-2.1.0/specifications/thor-0.17.0.gemspec
I, [2014-02-09T19:01:56.092043 #15250]  INFO -- : 0:  padrino-core (0.12.0) from /home/thampton/.rvm/gems/ruby-2.1.0/specifications/padrino-core-0.12.0.gemspec
I, [2014-02-09T19:01:56.092218 #15250]  INFO -- : 0:  padrino-helpers (0.12.0) from /home/thampton/.rvm/gems/ruby-2.1.0/specifications/padrino-helpers-0.12.0.gemspec
I, [2014-02-09T19:01:56.092429 #15250]  INFO -- : 0:  padrino-admin (0.12.0) from /home/thampton/.rvm/gems/ruby-2.1.0/specifications/padrino-admin-0.12.0.gemspec
I, [2014-02-09T19:01:56.092602 #15250]  INFO -- : 0:  padrino-cache (0.12.0) from /home/thampton/.rvm/gems/ruby-2.1.0/specifications/padrino-cache-0.12.0.gemspec
I, [2014-02-09T19:01:56.092782 #15250]  INFO -- : 0:  padrino-gen (0.12.0) from /home/thampton/.rvm/gems/ruby-2.1.0/specifications/padrino-gen-0.12.0.gemspec
I, [2014-02-09T19:01:56.092965 #15250]  INFO -- : 0:  padrino-mailer (0.12.0) from /home/thampton/.rvm/gems/ruby-2.1.0/specifications/padrino-mailer-0.12.0.gemspec
I, [2014-02-09T19:01:56.093152 #15250]  INFO -- : 0:  padrino (0.12.0) from /home/thampton/.rvm/gems/ruby-2.1.0/specifications/padrino-0.12.0.gemspec
I, [2014-02-09T19:01:56.093345 #15250]  INFO -- : 0:  temple (0.6.7) from /home/thampton/.rvm/gems/ruby-2.1.0/specifications/temple-0.6.7.gemspec
I, [2014-02-09T19:01:56.093550 #15250]  INFO -- : 0:  slim (2.0.2) from /home/thampton/.rvm/gems/ruby-2.1.0/specifications/slim-2.0.2.gemspec
I, [2014-02-09T19:01:56.093749 #15250]  INFO -- : 0:  thin (1.6.1) from /home/thampton/.rvm/gems/ruby-2.1.0/specifications/thin-1.6.1.gemspec
